c:\users\dafie\source\repos\gltesting4\project1\x64\debug\vc142.pdb
c:\users\dafie\source\repos\gltesting4\project1\x64\debug\vc142.idb
c:\users\dafie\source\repos\gltesting4\project1\x64\debug\windowcreation.obj
c:\users\dafie\source\repos\gltesting4\project1\x64\debug\main.obj
c:\users\dafie\source\repos\gltesting4\project1\x64\debug\floatvectormath.obj
c:\users\dafie\source\repos\gltesting4\project1\x64\debug\errorutil.obj
c:\users\dafie\source\repos\gltesting4\project1\x64\debug\intvectormath.obj
c:\users\dafie\source\repos\gltesting4\project1\x64\debug\glwndsetup.obj
c:\users\dafie\source\repos\gltesting4\project1\x64\debug\glextensions.obj
c:\users\dafie\source\repos\gltesting4\project1\x64\debug\desktoppaintermain.obj
c:\users\dafie\source\repos\gltesting4\project1\x64\debug\shaders.obj
c:\users\dafie\source\repos\gltesting4\project1\x64\debug\fileutil.obj
c:\users\dafie\source\repos\gltesting4\project1\x64\debug\renderer.obj
c:\users\dafie\source\repos\gltesting4\project1\x64\debug\matrixmath.obj
c:\users\dafie\source\repos\gltesting4\project1\x64\debug\find.obj
c:\users\dafie\source\repos\gltesting4\project1\x64\debug\strip.obj
c:\users\dafie\source\repos\gltesting4\project1\x64\debug\split.obj
c:\users\dafie\source\repos\gltesting4\project1\x64\debug\objfileutil.obj
c:\users\dafie\source\repos\gltesting4\project1\x64\debug\drawableutil.obj
c:\users\dafie\source\repos\gltesting4\project1\x64\debug\program.obj
c:\users\dafie\source\repos\gltesting4\project1\x64\debug\timer.obj
c:\users\dafie\source\repos\gltesting4\x64\debug\project1.exe
c:\users\dafie\source\repos\gltesting4\x64\debug\project1.ilk
c:\users\dafie\source\repos\gltesting4\x64\debug\project1.pdb
c:\users\dafie\source\repos\gltesting4\project1\x64\debug\project1.tlog\cl.command.1.tlog
c:\users\dafie\source\repos\gltesting4\project1\x64\debug\project1.tlog\cl.read.1.tlog
c:\users\dafie\source\repos\gltesting4\project1\x64\debug\project1.tlog\cl.write.1.tlog
c:\users\dafie\source\repos\gltesting4\project1\x64\debug\project1.tlog\link-cvtres.read.1.tlog
c:\users\dafie\source\repos\gltesting4\project1\x64\debug\project1.tlog\link-cvtres.write.1.tlog
c:\users\dafie\source\repos\gltesting4\project1\x64\debug\project1.tlog\link-rc.read.1.tlog
c:\users\dafie\source\repos\gltesting4\project1\x64\debug\project1.tlog\link-rc.write.1.tlog
c:\users\dafie\source\repos\gltesting4\project1\x64\debug\project1.tlog\link.32800-cvtres.read.1.tlog
c:\users\dafie\source\repos\gltesting4\project1\x64\debug\project1.tlog\link.32800-cvtres.write.1.tlog
c:\users\dafie\source\repos\gltesting4\project1\x64\debug\project1.tlog\link.32800-rc.read.1.tlog
c:\users\dafie\source\repos\gltesting4\project1\x64\debug\project1.tlog\link.32800-rc.write.1.tlog
c:\users\dafie\source\repos\gltesting4\project1\x64\debug\project1.tlog\link.32800.read.1.tlog
c:\users\dafie\source\repos\gltesting4\project1\x64\debug\project1.tlog\link.32800.write.1.tlog
c:\users\dafie\source\repos\gltesting4\project1\x64\debug\project1.tlog\link.command.1.tlog
c:\users\dafie\source\repos\gltesting4\project1\x64\debug\project1.tlog\link.read.1.tlog
c:\users\dafie\source\repos\gltesting4\project1\x64\debug\project1.tlog\link.write.1.tlog
