c:\users\dafie\source\repos\gltesting4\project1\x64\release\vc142.pdb
c:\users\dafie\source\repos\gltesting4\project1\x64\release\infback.obj
c:\users\dafie\source\repos\gltesting4\project1\x64\release\gzwrite.obj
c:\users\dafie\source\repos\gltesting4\project1\x64\release\gzread.obj
c:\users\dafie\source\repos\gltesting4\project1\x64\release\gzlib.obj
c:\users\dafie\source\repos\gltesting4\project1\x64\release\gzclose.obj
c:\users\dafie\source\repos\gltesting4\project1\x64\release\deflate.obj
c:\users\dafie\source\repos\gltesting4\project1\x64\release\crc32.obj
c:\users\dafie\source\repos\gltesting4\project1\x64\release\compress.obj
c:\users\dafie\source\repos\gltesting4\project1\x64\release\adler32.obj
c:\users\dafie\source\repos\gltesting4\project1\x64\release\keyboard.obj
c:\users\dafie\source\repos\gltesting4\project1\x64\release\imageutil.obj
c:\users\dafie\source\repos\gltesting4\project1\x64\release\glwndsetup.obj
c:\users\dafie\source\repos\gltesting4\project1\x64\release\glextensions.obj
c:\users\dafie\source\repos\gltesting4\project1\x64\release\floatvectormath.obj
c:\users\dafie\source\repos\gltesting4\project1\x64\release\fileutil.obj
c:\users\dafie\source\repos\gltesting4\project1\x64\release\errorutil.obj
c:\users\dafie\source\repos\gltesting4\project1\x64\release\drawobject.obj
c:\users\dafie\source\repos\gltesting4\project1\x64\release\drawableutil.obj
c:\users\dafie\source\repos\gltesting4\project1\x64\release\dibutil.obj
c:\users\dafie\source\repos\gltesting4\project1\x64\release\desktoppaintermain.obj
c:\users\dafie\source\repos\gltesting4\project1\x64\release\uncompr.obj
c:\users\dafie\source\repos\gltesting4\project1\x64\release\trees.obj
c:\users\dafie\source\repos\gltesting4\project1\x64\release\pngwutil.obj
c:\users\dafie\source\repos\gltesting4\project1\x64\release\pngwtran.obj
c:\users\dafie\source\repos\gltesting4\project1\x64\release\pngwrite.obj
c:\users\dafie\source\repos\gltesting4\project1\x64\release\pngwio.obj
c:\users\dafie\source\repos\gltesting4\project1\x64\release\pngtrans.obj
c:\users\dafie\source\repos\gltesting4\project1\x64\release\pngset.obj
c:\users\dafie\source\repos\gltesting4\project1\x64\release\pngrutil.obj
c:\users\dafie\source\repos\gltesting4\project1\x64\release\pngrtran.obj
c:\users\dafie\source\repos\gltesting4\project1\x64\release\pngrio.obj
c:\users\dafie\source\repos\gltesting4\project1\x64\release\pngread.obj
c:\users\dafie\source\repos\gltesting4\project1\x64\release\pngpread.obj
c:\users\dafie\source\repos\gltesting4\project1\x64\release\pngmem.obj
c:\users\dafie\source\repos\gltesting4\project1\x64\release\pngget.obj
c:\users\dafie\source\repos\gltesting4\project1\x64\release\pngerror.obj
c:\users\dafie\source\repos\gltesting4\project1\x64\release\png.obj
c:\users\dafie\source\repos\gltesting4\project1\x64\release\inftrees.obj
c:\users\dafie\source\repos\gltesting4\project1\x64\release\inflate.obj
c:\users\dafie\source\repos\gltesting4\project1\x64\release\inffast.obj
c:\users\dafie\source\repos\gltesting4\project1\x64\release\find.obj
c:\users\dafie\source\repos\gltesting4\project1\x64\release\intvectormath.obj
c:\users\dafie\source\repos\gltesting4\project1\x64\release\windowcreation.obj
c:\users\dafie\source\repos\gltesting4\project1\x64\release\timer.obj
c:\users\dafie\source\repos\gltesting4\project1\x64\release\strip.obj
c:\users\dafie\source\repos\gltesting4\project1\x64\release\split.obj
c:\users\dafie\source\repos\gltesting4\project1\x64\release\skyboxloader.obj
c:\users\dafie\source\repos\gltesting4\project1\x64\release\shaders.obj
c:\users\dafie\source\repos\gltesting4\project1\x64\release\renderer.obj
c:\users\dafie\source\repos\gltesting4\project1\x64\release\program.obj
c:\users\dafie\source\repos\gltesting4\project1\x64\release\pngreader.obj
c:\users\dafie\source\repos\gltesting4\project1\x64\release\objfileutil.obj
c:\users\dafie\source\repos\gltesting4\project1\x64\release\mtllibloader.obj
c:\users\dafie\source\repos\gltesting4\project1\x64\release\matrixmath.obj
c:\users\dafie\source\repos\gltesting4\project1\x64\release\main.obj
c:\users\dafie\source\repos\gltesting4\project1\x64\release\zutil.obj
c:\users\dafie\source\repos\gltesting4\project1\x64\release\terrainprogram.obj
c:\users\dafie\source\repos\gltesting4\project1\x64\release\retroprog.obj
c:\users\dafie\source\repos\gltesting4\project1\x64\release\snowretroprog.obj
c:\users\dafie\source\repos\gltesting4\project1\x64\release\particleemitter.obj
c:\users\dafie\source\repos\gltesting4\x64\release\desktoprenderer.ipdb
c:\users\dafie\source\repos\gltesting4\x64\release\desktoprenderer.iobj
c:\users\dafie\source\repos\gltesting4\x64\release\desktoprenderer.exe
c:\users\dafie\source\repos\gltesting4\project1\x64\release\desktoprenderer.ipdb
c:\users\dafie\source\repos\gltesting4\project1\x64\release\desktoprenderer.iobj
c:\users\dafie\source\repos\gltesting4\x64\release\desktoprenderer.pdb
c:\users\dafie\source\repos\gltesting4\project1\x64\release\desktoprenderer.tlog\cl.command.1.tlog
c:\users\dafie\source\repos\gltesting4\project1\x64\release\desktoprenderer.tlog\cl.read.1.tlog
c:\users\dafie\source\repos\gltesting4\project1\x64\release\desktoprenderer.tlog\cl.write.1.tlog
c:\users\dafie\source\repos\gltesting4\project1\x64\release\desktoprenderer.tlog\desktoprenderer.write.1u.tlog
c:\users\dafie\source\repos\gltesting4\project1\x64\release\desktoprenderer.tlog\link.command.1.tlog
c:\users\dafie\source\repos\gltesting4\project1\x64\release\desktoprenderer.tlog\link.delete.1.tlog
c:\users\dafie\source\repos\gltesting4\project1\x64\release\desktoprenderer.tlog\link.read.1.tlog
c:\users\dafie\source\repos\gltesting4\project1\x64\release\desktoprenderer.tlog\link.write.1.tlog
